;  LST file generated by mikroListExporter - v.2.0 
; Date/Time: 9/14/2022 9:51:10 AM
;----------------------------------------------

;Address Opcode 	ASM
0x0000	0x2803      	GOTO       3
_main:
;Practice.c,1 :: 		void main() {
;Practice.c,2 :: 		TRISB = 0x00;
0x0003	0x1683      	BSF        STATUS, 5
0x0004	0x1303      	BCF        STATUS, 6
0x0005	0x0186      	CLRF       TRISB
;Practice.c,3 :: 		TRISD =0x00;
0x0006	0x0188      	CLRF       TRISD
;Practice.c,4 :: 		portd.f3=0x00;
0x0007	0x1283      	BCF        STATUS, 5
0x0008	0x1188      	BCF        PORTD, 3
;Practice.c,5 :: 		portb = 0x00;
0x0009	0x0186      	CLRF       PORTB
;Practice.c,6 :: 		while(1)
L_main0:
;Practice.c,8 :: 		if(portd.f3 ==1)
0x000A	0x1D88      	BTFSS      PORTD, 3
0x000B	0x285A      	GOTO       L_main2
;Practice.c,10 :: 		portb.f0 = 0xff;
0x000C	0x1406      	BSF        PORTB, 0
;Practice.c,11 :: 		delay_ms(200);
0x000D	0x3003      	MOVLW      3
0x000E	0x00FB      	MOVWF      R11
0x000F	0x3008      	MOVLW      8
0x0010	0x00FC      	MOVWF      R12
0x0011	0x3077      	MOVLW      119
0x0012	0x00FD      	MOVWF      R13
L_main3:
0x0013	0x0BFD      	DECFSZ     R13, 1
0x0014	0x2813      	GOTO       L_main3
0x0015	0x0BFC      	DECFSZ     R12, 1
0x0016	0x2813      	GOTO       L_main3
0x0017	0x0BFB      	DECFSZ     R11, 1
0x0018	0x2813      	GOTO       L_main3
;Practice.c,13 :: 		portb.f0 = 0x00;
0x0019	0x1006      	BCF        PORTB, 0
;Practice.c,14 :: 		delay_ms(200);
0x001A	0x3003      	MOVLW      3
0x001B	0x00FB      	MOVWF      R11
0x001C	0x3008      	MOVLW      8
0x001D	0x00FC      	MOVWF      R12
0x001E	0x3077      	MOVLW      119
0x001F	0x00FD      	MOVWF      R13
L_main4:
0x0020	0x0BFD      	DECFSZ     R13, 1
0x0021	0x2820      	GOTO       L_main4
0x0022	0x0BFC      	DECFSZ     R12, 1
0x0023	0x2820      	GOTO       L_main4
0x0024	0x0BFB      	DECFSZ     R11, 1
0x0025	0x2820      	GOTO       L_main4
;Practice.c,16 :: 		portb.f1 = 0xff;
0x0026	0x1486      	BSF        PORTB, 1
;Practice.c,17 :: 		delay_ms(200);
0x0027	0x3003      	MOVLW      3
0x0028	0x00FB      	MOVWF      R11
0x0029	0x3008      	MOVLW      8
0x002A	0x00FC      	MOVWF      R12
0x002B	0x3077      	MOVLW      119
0x002C	0x00FD      	MOVWF      R13
L_main5:
0x002D	0x0BFD      	DECFSZ     R13, 1
0x002E	0x282D      	GOTO       L_main5
0x002F	0x0BFC      	DECFSZ     R12, 1
0x0030	0x282D      	GOTO       L_main5
0x0031	0x0BFB      	DECFSZ     R11, 1
0x0032	0x282D      	GOTO       L_main5
;Practice.c,19 :: 		portb.f1 = 0x00;
0x0033	0x1086      	BCF        PORTB, 1
;Practice.c,20 :: 		delay_ms(200);
0x0034	0x3003      	MOVLW      3
0x0035	0x00FB      	MOVWF      R11
0x0036	0x3008      	MOVLW      8
0x0037	0x00FC      	MOVWF      R12
0x0038	0x3077      	MOVLW      119
0x0039	0x00FD      	MOVWF      R13
L_main6:
0x003A	0x0BFD      	DECFSZ     R13, 1
0x003B	0x283A      	GOTO       L_main6
0x003C	0x0BFC      	DECFSZ     R12, 1
0x003D	0x283A      	GOTO       L_main6
0x003E	0x0BFB      	DECFSZ     R11, 1
0x003F	0x283A      	GOTO       L_main6
;Practice.c,22 :: 		portb.f2 = 0xff;
0x0040	0x1506      	BSF        PORTB, 2
;Practice.c,23 :: 		delay_ms(200);
0x0041	0x3003      	MOVLW      3
0x0042	0x00FB      	MOVWF      R11
0x0043	0x3008      	MOVLW      8
0x0044	0x00FC      	MOVWF      R12
0x0045	0x3077      	MOVLW      119
0x0046	0x00FD      	MOVWF      R13
L_main7:
0x0047	0x0BFD      	DECFSZ     R13, 1
0x0048	0x2847      	GOTO       L_main7
0x0049	0x0BFC      	DECFSZ     R12, 1
0x004A	0x2847      	GOTO       L_main7
0x004B	0x0BFB      	DECFSZ     R11, 1
0x004C	0x2847      	GOTO       L_main7
;Practice.c,24 :: 		portb.f2 = 0x00;
0x004D	0x1106      	BCF        PORTB, 2
;Practice.c,25 :: 		delay_ms(200);
0x004E	0x3003      	MOVLW      3
0x004F	0x00FB      	MOVWF      R11
0x0050	0x3008      	MOVLW      8
0x0051	0x00FC      	MOVWF      R12
0x0052	0x3077      	MOVLW      119
0x0053	0x00FD      	MOVWF      R13
L_main8:
0x0054	0x0BFD      	DECFSZ     R13, 1
0x0055	0x2854      	GOTO       L_main8
0x0056	0x0BFC      	DECFSZ     R12, 1
0x0057	0x2854      	GOTO       L_main8
0x0058	0x0BFB      	DECFSZ     R11, 1
0x0059	0x2854      	GOTO       L_main8
;Practice.c,28 :: 		}
L_main2:
;Practice.c,30 :: 		}
0x005A	0x280A      	GOTO       L_main0
;Practice.c,31 :: 		}
L_end_main:
0x005B	0x285B      	GOTO       $+0
; end of _main
Symbol List:
//** Routines locations **
//ADDRESS    SIZE    PROCEDURE
//----------------------------------------------
0x0003      [89]    _main
//** Variables locations ** 
//ADDRESS    SIZE    VARIABLE
//----------------------------------------------
0x0000       [1]    INDF
0x0003       [1]    STATUS
0x0004       [1]    FSR
0x0006       [1]    PORTB
0x0008       [1]    PORTD
0x000A       [1]    PCLATH
0x0020       [2]    ___DoICPAddr
0x0070       [1]    R0
0x0071       [1]    R1
0x0072       [1]    R2
0x0073       [1]    R3
0x0074       [1]    R4
0x0075       [1]    R5
0x0076       [1]    R6
0x0077       [1]    R7
0x0078       [1]    R8
0x0079       [1]    R9
0x007A       [1]    R10
0x007B       [1]    R11
0x007C       [1]    R12
0x007D       [1]    R13
0x007E       [1]    R14
0x007F       [1]    R15
0x0086       [1]    TRISB
0x0088       [1]    TRISD
